<?xml version="1.0" encoding="UTF-8"?>
<!-- Generated by org.testng.reporters.JUnitReportReporter -->
<testsuite hostname="LAPTOP-7HGIFP7F" failures="0" tests="1" name="com.shopperstack_TestScripts.Verify_user_is_able_to_delete_Address" time="25.246" errors="0" timestamp="2024-04-17T10:39:25 IST" skipped="0">
  <testcase classname="com.shopperstack_TestScripts.Verify_user_is_able_to_delete_Address" name="deleteAddress" time="25.246"/>
</testsuite> <!-- com.shopperstack_TestScripts.Verify_user_is_able_to_delete_Address -->
