<?xml version="1.0" encoding="UTF-8"?>
<!-- Generated by org.testng.reporters.JUnitReportReporter -->
<testsuite hostname="LAPTOP-7HGIFP7F" failures="0" tests="2" name="com.shopperstack_TestScripts.Verify_user_is_able_to_add_Address" time="0.125" errors="1" timestamp="2024-04-14T18:42:55 IST" skipped="1">
  <testcase classname="com.shopperstack_TestScripts.Verify_user_is_able_to_add_Address" name="addAddress" time="0.001">
    <skipped/>
  </testcase> <!-- addAddress -->
  <testcase classname="com.shopperstack_TestScripts.Verify_user_is_able_to_add_Address" name="beforeSuite" time="0.124">
    <error message="Stack overflow during pattern compilation near index 4
[^0-9]
    ^" type="java.util.regex.PatternSyntaxException">
      <![CDATA[java.util.regex.PatternSyntaxException: Stack overflow during pattern compilation near index 4
[^0-9]
    ^
at java.base/java.util.regex.Pattern.error(Pattern.java:2028)
at java.base/java.util.regex.Pattern.<init>(Pattern.java:1432)
at java.base/java.util.regex.Pattern.compile(Pattern.java:1069)
at java.base/java.lang.String.replaceAll(String.java:2939)
at com.shopperstackGenericUtility.JavaUtility.localdateTime(JavaUtility.java:19)
at com.shopperstackGenericUtility.JavaUtility.localdateTime(JavaUtility.java:20)
at com.shopperstackGenericUtility.JavaUtility.localdateTime(JavaUtility.java:20)
at com.shopperstackGenericUtility.JavaUtility.localdateTime(JavaUtility.java:20)
at com.shopperstackGenericUtility.JavaUtility.localdateTime(JavaUtility.java:20)
at com.shopperstackGenericUtility.JavaUtility.localdateTime(JavaUtility.java:20)
at com.shopperstackGenericUtility.JavaUtility.localdateTime(JavaUtility.java:20)
at com.shopperstackGenericUtility.JavaUtility.localdateTime(JavaUtility.java:20)
at com.shopperstackGenericUtility.JavaUtility.localdateTime(JavaUtility.java:20)
at com.shopperstackGenericUtility.JavaUtility.localdateTime(JavaUtility.java:20)
at com.shopperstackGenericUtility.JavaUtility.localdateTime(JavaUtility.java:20)
at com.shopperstackGenericUtility.JavaUtility.localdateTime(JavaUtility.java:20)
at com.shopperstackGenericUtility.JavaUtility.localdateTime(JavaUtility.java:20)
at com.shopperstackGenericUtility.JavaUtility.localdateTime(JavaUtility.java:20)
at com.shopperstackGenericUtility.JavaUtility.localdateTime(JavaUtility.java:20)
at com.shopperstackGenericUtility.JavaUtility.localdateTime(JavaUtility.java:20)
at com.shopperstackGenericUtility.JavaUtility.localdateTime(JavaUtility.java:20)
at com.shopperstackGenericUtility.JavaUtility.localdateTime(JavaUtility.java:20)
at com.shopperstackGenericUtility.JavaUtility.localdateTime(JavaUtility.java:20)
at com.shopperstackGenericUtility.JavaUtility.localdateTime(JavaUtility.java:20)
at com.shopperstackGenericUtility.JavaUtility.localdateTime(JavaUtility.java:20)
at com.shopperstackGenericUtility.JavaUtility.localdateTime(JavaUtility.java:20)
at com.shopperstackGenericUtility.JavaUtility.localdateTime(JavaUtility.java:20)
at com.shopperstackGenericUtility.JavaUtility.localdateTime(JavaUtility.java:20)
at com.shopperstackGenericUtility.JavaUtility.localdateTime(JavaUtility.java:20)
at com.shopperstackGenericUtility.JavaUtility.localdateTime(JavaUtility.java:20)
at com.shopperstackGenericUtility.JavaUtility.localdateTime(JavaUtility.java:20)
at com.shopperstackGenericUtility.JavaUtility.localdateTime(JavaUtility.java:20)
at com.shopperstackGenericUtility.JavaUtility.localdateTime(JavaUtility.java:20)
at com.shopperstackGenericUtility.JavaUtility.localdateTime(JavaUtility.java:20)
at com.shopperstackGenericUtility.JavaUtility.localdateTime(JavaUtility.java:20)
at com.shopperstackGenericUtility.JavaUtility.localdateTime(JavaUtility.java:20)
at com.shopperstackGenericUtility.JavaUtility.localdateTime(JavaUtility.java:20)
at com.shopperstackGenericUtility.JavaUtility.localdateTime(JavaUtility.java:20)
at com.shopperstackGenericUtility.JavaUtility.localdateTime(JavaUtility.java:20)
at com.shopperstackGenericUtility.JavaUtility.localdateTime(JavaUtility.java:20)
at com.shopperstackGenericUtility.JavaUtility.localdateTime(JavaUtility.java:20)
at com.shopperstackGenericUtility.JavaUtility.localdateTime(JavaUtility.java:20)
at com.shopperstackGenericUtility.JavaUtility.localdateTime(JavaUtility.java:20)
at com.shopperstackGenericUtility.JavaUtility.localdateTime(JavaUtility.java:20)
at com.shopperstackGenericUtility.JavaUtility.localdateTime(JavaUtility.java:20)
at com.shopperstackGenericUtility.JavaUtility.localdateTime(JavaUtility.java:20)
at com.shopperstackGenericUtility.JavaUtility.localdateTime(JavaUtility.java:20)
at com.shopperstackGenericUtility.JavaUtility.localdateTime(JavaUtility.java:20)
at com.shopperstackGenericUtility.JavaUtility.localdateTime(JavaUtility.java:20)
at com.shopperstackGenericUtility.JavaUtility.localdateTime(JavaUtility.java:20)
at com.shopperstackGenericUtility.JavaUtility.localdateTime(JavaUtility.java:20)
at com.shopperstackGenericUtility.JavaUtility.localdateTime(JavaUtility.java:20)
at com.shopperstackGenericUtility.JavaUtility.localdateTime(JavaUtility.java:20)
at com.shopperstackGenericUtility.JavaUtility.localdateTime(JavaUtility.java:20)
at com.shopperstackGenericUtility.JavaUtility.localdateTime(JavaUtility.java:20)
at com.shopperstackGenericUtility.JavaUtility.localdateTime(JavaUtility.java:20)
at com.shopperstackGenericUtility.JavaUtility.localdateTime(JavaUtility.java:20)
at com.shopperstackGenericUtility.JavaUtility.localdateTime(JavaUtility.java:20)
at com.shopperstackGenericUtility.JavaUtility.localdateTime(JavaUtility.java:20)
at com.shopperstackGenericUtility.JavaUtility.localdateTime(JavaUtility.java:20)
at com.shopperstackGenericUtility.JavaUtility.localdateTime(JavaUtility.java:20)
at com.shopperstackGenericUtility.JavaUtility.localdateTime(JavaUtility.java:20)
at com.shopperstackGenericUtility.JavaUtility.localdateTime(JavaUtility.java:20)
at com.shopperstackGenericUtility.JavaUtility.localdateTime(JavaUtility.java:20)
at com.shopperstackGenericUtility.JavaUtility.localdateTime(JavaUtility.java:20)
at com.shopperstackGenericUtility.JavaUtility.localdateTime(JavaUtility.java:20)
at com.shopperstackGenericUtility.JavaUtility.localdateTime(JavaUtility.java:20)
at com.shopperstackGenericUtility.JavaUtility.localdateTime(JavaUtility.java:20)
at com.shopperstackGenericUtility.JavaUtility.localdateTime(JavaUtility.java:20)
at com.shopperstackGenericUtility.JavaUtility.localdateTime(JavaUtility.java:20)
at com.shopperstackGenericUtility.JavaUtility.localdateTime(JavaUtility.java:20)
at com.shopperstackGenericUtility.JavaUtility.localdateTime(JavaUtility.java:20)
at com.shopperstackGenericUtility.JavaUtility.localdateTime(JavaUtility.java:20)
at com.shopperstackGenericUtility.JavaUtility.localdateTime(JavaUtility.java:20)
at com.shopperstackGenericUtility.JavaUtility.localdateTime(JavaUtility.java:20)
at com.shopperstackGenericUtility.JavaUtility.localdateTime(JavaUtility.java:20)
at com.shopperstackGenericUtility.JavaUtility.localdateTime(JavaUtility.java:20)
at com.shopperstackGenericUtility.JavaUtility.localdateTime(JavaUtility.java:20)
at com.shopperstackGenericUtility.JavaUtility.localdateTime(JavaUtility.java:20)
at com.shopperstackGenericUtility.JavaUtility.localdateTime(JavaUtility.java:20)
at com.shopperstackGenericUtility.JavaUtility.localdateTime(JavaUtility.java:20)
at com.shopperstackGenericUtility.JavaUtility.localdateTime(JavaUtility.java:20)
at com.shopperstackGenericUtility.JavaUtility.localdateTime(JavaUtility.java:20)
at com.shopperstackGenericUtility.JavaUtility.localdateTime(JavaUtility.java:20)
at com.shopperstackGenericUtility.JavaUtility.localdateTime(JavaUtility.java:20)
at com.shopperstackGenericUtility.JavaUtility.localdateTime(JavaUtility.java:20)
at com.shopperstackGenericUtility.JavaUtility.localdateTime(JavaUtility.java:20)
at com.shopperstackGenericUtility.JavaUtility.localdateTime(JavaUtility.java:20)
at com.shopperstackGenericUtility.JavaUtility.localdateTime(JavaUtility.java:20)
at com.shopperstackGenericUtility.JavaUtility.localdateTime(JavaUtility.java:20)
at com.shopperstackGenericUtility.JavaUtility.localdateTime(JavaUtility.java:20)
at com.shopperstackGenericUtility.JavaUtility.localdateTime(JavaUtility.java:20)
at com.shopperstackGenericUtility.JavaUtility.localdateTime(JavaUtility.java:20)
at com.shopperstackGenericUtility.JavaUtility.localdateTime(JavaUtility.java:20)
at com.shopperstackGenericUtility.JavaUtility.localdateTime(JavaUtility.java:20)
at com.shopperstackGenericUtility.JavaUtility.localdateTime(JavaUtility.java:20)
at com.shopperstackGenericUtility.JavaUtility.localdateTime(JavaUtility.java:20)
at com.shopperstackGenericUtility.JavaUtility.localdateTime(JavaUtility.java:20)
at com.shopperstackGenericUtility.JavaUtility.localdateTime(JavaUtility.java:20)
at com.shopperstackGenericUtility.JavaUtility.localdateTime(JavaUtility.java:20)
at com.shopperstackGenericUtility.JavaUtility.localdateTime(JavaUtility.java:20)
at com.shopperstackGenericUtility.JavaUtility.localdateTime(JavaUtility.java:20)
at com.shopperstackGenericUtility.JavaUtility.localdateTime(JavaUtility.java:20)
at com.shopperstackGenericUtility.JavaUtility.localdateTime(JavaUtility.java:20)
at com.shopperstackGenericUtility.JavaUtility.localdateTime(JavaUtility.java:20)
at com.shopperstackGenericUtility.JavaUtility.localdateTime(JavaUtility.java:20)
at com.shopperstackGenericUtility.JavaUtility.localdateTime(JavaUtility.java:20)
at com.shopperstackGenericUtility.JavaUtility.localdateTime(JavaUtility.java:20)
at com.shopperstackGenericUtility.JavaUtility.localdateTime(JavaUtility.java:20)
at com.shopperstackGenericUtility.JavaUtility.localdateTime(JavaUtility.java:20)
at com.shopperstackGenericUtility.JavaUtility.localdateTime(JavaUtility.java:20)
at com.shopperstackGenericUtility.JavaUtility.localdateTime(JavaUtility.java:20)
at com.shopperstackGenericUtility.JavaUtility.localdateTime(JavaUtility.java:20)
at com.shopperstackGenericUtility.JavaUtility.localdateTime(JavaUtility.java:20)
at com.shopperstackGenericUtility.JavaUtility.localdateTime(JavaUtility.java:20)
at com.shopperstackGenericUtility.JavaUtility.localdateTime(JavaUtility.java:20)
at com.shopperstackGenericUtility.JavaUtility.localdateTime(JavaUtility.java:20)
at com.shopperstackGenericUtility.JavaUtility.localdateTime(JavaUtility.java:20)
at com.shopperstackGenericUtility.JavaUtility.localdateTime(JavaUtility.java:20)
at com.shopperstackGenericUtility.JavaUtility.localdateTime(JavaUtility.java:20)
at com.shopperstackGenericUtility.JavaUtility.localdateTime(JavaUtility.java:20)
at com.shopperstackGenericUtility.JavaUtility.localdateTime(JavaUtility.java:20)
at com.shopperstackGenericUtility.JavaUtility.localdateTime(JavaUtility.java:20)
at com.shopperstackGenericUtility.JavaUtility.localdateTime(JavaUtility.java:20)
at com.shopperstackGenericUtility.JavaUtility.localdateTime(JavaUtility.java:20)
at com.shopperstackGenericUtility.JavaUtility.localdateTime(JavaUtility.java:20)
at com.shopperstackGenericUtility.JavaUtility.localdateTime(JavaUtility.java:20)
at com.shopperstackGenericUtility.JavaUtility.localdateTime(JavaUtility.java:20)
at com.shopperstackGenericUtility.JavaUtility.localdateTime(JavaUtility.java:20)
at com.shopperstackGenericUtility.JavaUtility.localdateTime(JavaUtility.java:20)
at com.shopperstackGenericUtility.JavaUtility.localdateTime(JavaUtility.java:20)
at com.shopperstackGenericUtility.JavaUtility.localdateTime(JavaUtility.java:20)
at com.shopperstackGenericUtility.JavaUtility.localdateTime(JavaUtility.java:20)
at com.shopperstackGenericUtility.JavaUtility.localdateTime(JavaUtility.java:20)
at com.shopperstackGenericUtility.JavaUtility.localdateTime(JavaUtility.java:20)
at com.shopperstackGenericUtility.JavaUtility.localdateTime(JavaUtility.java:20)
at com.shopperstackGenericUtility.JavaUtility.localdateTime(JavaUtility.java:20)
at com.shopperstackGenericUtility.JavaUtility.localdateTime(JavaUtility.java:20)
at com.shopperstackGenericUtility.JavaUtility.localdateTime(JavaUtility.java:20)
at com.shopperstackGenericUtility.JavaUtility.localdateTime(JavaUtility.java:20)
at com.shopperstackGenericUtility.JavaUtility.localdateTime(JavaUtility.java:20)
at com.shopperstackGenericUtility.JavaUtility.localdateTime(JavaUtility.java:20)
at com.shopperstackGenericUtility.JavaUtility.localdateTime(JavaUtility.java:20)
at com.shopperstackGenericUtility.JavaUtility.localdateTime(JavaUtility.java:20)
at com.shopperstackGenericUtility.JavaUtility.localdateTime(JavaUtility.java:20)
at com.shopperstackGenericUtility.JavaUtility.localdateTime(JavaUtility.java:20)
at com.shopperstackGenericUtility.JavaUtility.localdateTime(JavaUtility.java:20)
at com.shopperstackGenericUtility.JavaUtility.localdateTime(JavaUtility.java:20)
at com.shopperstackGenericUtility.JavaUtility.localdateTime(JavaUtility.java:20)
at com.shopperstackGenericUtility.JavaUtility.localdateTime(JavaUtility.java:20)
at com.shopperstackGenericUtility.JavaUtility.localdateTime(JavaUtility.java:20)
at com.shopperstackGenericUtility.JavaUtility.localdateTime(JavaUtility.java:20)
at com.shopperstackGenericUtility.JavaUtility.localdateTime(JavaUtility.java:20)
at com.shopperstackGenericUtility.JavaUtility.localdateTime(JavaUtility.java:20)
at com.shopperstackGenericUtility.JavaUtility.localdateTime(JavaUtility.java:20)
at com.shopperstackGenericUtility.JavaUtility.localdateTime(JavaUtility.java:20)
at com.shopperstackGenericUtility.JavaUtility.localdateTime(JavaUtility.java:20)
at com.shopperstackGenericUtility.JavaUtility.localdateTime(JavaUtility.java:20)
at com.shopperstackGenericUtility.JavaUtility.localdateTime(JavaUtility.java:20)
at com.shopperstackGenericUtility.JavaUtility.localdateTime(JavaUtility.java:20)
at com.shopperstackGenericUtility.JavaUtility.localdateTime(JavaUtility.java:20)
at com.shopperstackGenericUtility.JavaUtility.localdateTime(JavaUtility.java:20)
at com.shopperstackGenericUtility.JavaUtility.localdateTime(JavaUtility.java:20)
at com.shopperstackGenericUtility.JavaUtility.localdateTime(JavaUtility.java:20)
at com.shopperstackGenericUtility.JavaUtility.localdateTime(JavaUtility.java:20)
at com.shopperstackGenericUtility.JavaUtility.localdateTime(JavaUtility.java:20)
at com.shopperstackGenericUtility.JavaUtility.localdateTime(JavaUtility.java:20)
at com.shopperstackGenericUtility.JavaUtility.localdateTime(JavaUtility.java:20)
at com.shopperstackGenericUtility.JavaUtility.localdateTime(JavaUtility.java:20)
at com.shopperstackGenericUtility.JavaUtility.localdateTime(JavaUtility.java:20)
at com.shopperstackGenericUtility.JavaUtility.localdateTime(JavaUtility.java:20)
at com.shopperstackGenericUtility.JavaUtility.localdateTime(JavaUtility.java:20)
at com.shopperstackGenericUtility.JavaUtility.localdateTime(JavaUtility.java:20)
at com.shopperstackGenericUtility.JavaUtility.localdateTime(JavaUtility.java:20)
at com.shopperstackGenericUtility.JavaUtility.localdateTime(JavaUtility.java:20)
at com.shopperstackGenericUtility.JavaUtility.localdateTime(JavaUtility.java:20)
at com.shopperstackGenericUtility.JavaUtility.localdateTime(JavaUtility.java:20)
at com.shopperstackGenericUtility.JavaUtility.localdateTime(JavaUtility.java:20)
at com.shopperstackGenericUtility.JavaUtility.localdateTime(JavaUtility.java:20)
at com.shopperstackGenericUtility.JavaUtility.localdateTime(JavaUtility.java:20)
at com.shopperstackGenericUtility.JavaUtility.localdateTime(JavaUtility.java:20)
at com.shopperstackGenericUtility.JavaUtility.localdateTime(JavaUtility.java:20)
at com.shopperstackGenericUtility.JavaUtility.localdateTime(JavaUtility.java:20)
at com.shopperstackGenericUtility.JavaUtility.localdateTime(JavaUtility.java:20)
at com.shopperstackGenericUtility.JavaUtility.localdateTime(JavaUtility.java:20)
at com.shopperstackGenericUtility.JavaUtility.localdateTime(JavaUtility.java:20)
at com.shopperstackGenericUtility.JavaUtility.localdateTime(JavaUtility.java:20)
at com.shopperstackGenericUtility.JavaUtility.localdateTime(JavaUtility.java:20)
at com.shopperstackGenericUtility.JavaUtility.localdateTime(JavaUtility.java:20)
at com.shopperstackGenericUtility.JavaUtility.localdateTime(JavaUtility.java:20)
at com.shopperstackGenericUtility.JavaUtility.localdateTime(JavaUtility.java:20)
at com.shopperstackGenericUtility.JavaUtility.localdateTime(JavaUtility.java:20)
at com.shopperstackGenericUtility.JavaUtility.localdateTime(JavaUtility.java:20)
at com.shopperstackGenericUtility.JavaUtility.localdateTime(JavaUtility.java:20)
at com.shopperstackGenericUtility.JavaUtility.localdateTime(JavaUtility.java:20)
at com.shopperstackGenericUtility.JavaUtility.localdateTime(JavaUtility.java:20)
at com.shopperstackGenericUtility.JavaUtility.localdateTime(JavaUtility.java:20)
at com.shopperstackGenericUtility.JavaUtility.localdateTime(JavaUtility.java:20)
at com.shopperstackGenericUtility.JavaUtility.localdateTime(JavaUtility.java:20)
at com.shopperstackGenericUtility.JavaUtility.localdateTime(JavaUtility.java:20)
at com.shopperstackGenericUtility.JavaUtility.localdateTime(JavaUtility.java:20)
at com.shopperstackGenericUtility.JavaUtility.localdateTime(JavaUtility.java:20)
at com.shopperstackGenericUtility.JavaUtility.localdateTime(JavaUtility.java:20)
at com.shopperstackGenericUtility.JavaUtility.localdateTime(JavaUtility.java:20)
at com.shopperstackGenericUtility.JavaUtility.localdateTime(JavaUtility.java:20)
at com.shopperstackGenericUtility.JavaUtility.localdateTime(JavaUtility.java:20)
at com.shopperstackGenericUtility.JavaUtility.localdateTime(JavaUtility.java:20)
at com.shopperstackGenericUtility.JavaUtility.localdateTime(JavaUtility.java:20)
at com.shopperstackGenericUtility.JavaUtility.localdateTime(JavaUtility.java:20)
at com.shopperstackGenericUtility.JavaUtility.localdateTime(JavaUtility.java:20)
at com.shopperstackGenericUtility.JavaUtility.localdateTime(JavaUtility.java:20)
at com.shopperstackGenericUtility.JavaUtility.localdateTime(JavaUtility.java:20)
at com.shopperstackGenericUtility.JavaUtility.localdateTime(JavaUtility.java:20)
at com.shopperstackGenericUtility.JavaUtility.localdateTime(JavaUtility.java:20)
at com.shopperstackGenericUtility.JavaUtility.localdateTime(JavaUtility.java:20)
at com.shopperstackGenericUtility.JavaUtility.localdateTime(JavaUtility.java:20)
at com.shopperstackGenericUtility.JavaUtility.localdateTime(JavaUtility.java:20)
at com.shopperstackGenericUtility.JavaUtility.localdateTime(JavaUtility.java:20)
at com.shopperstackGenericUtility.JavaUtility.localdateTime(JavaUtility.java:20)
at com.shopperstackGenericUtility.JavaUtility.localdateTime(JavaUtility.java:20)
at com.shopperstackGenericUtility.JavaUtility.localdateTime(JavaUtility.java:20)
at com.shopperstackGenericUtility.JavaUtility.localdateTime(JavaUtility.java:20)
at com.shopperstackGenericUtility.JavaUtility.localdateTime(JavaUtility.java:20)
at com.shopperstackGenericUtility.JavaUtility.localdateTime(JavaUtility.java:20)
at com.shopperstackGenericUtility.JavaUtility.localdateTime(JavaUtility.java:20)
at com.shopperstackGenericUtility.JavaUtility.localdateTime(JavaUtility.java:20)
at com.shopperstackGenericUtility.JavaUtility.localdateTime(JavaUtility.java:20)
at com.shopperstackGenericUtility.JavaUtility.localdateTime(JavaUtility.java:20)
at com.shopperstackGenericUtility.JavaUtility.localdateTime(JavaUtility.java:20)
at com.shopperstackGenericUtility.JavaUtility.localdateTime(JavaUtility.java:20)
at com.shopperstackGenericUtility.JavaUtility.localdateTime(JavaUtility.java:20)
at com.shopperstackGenericUtility.JavaUtility.localdateTime(JavaUtility.java:20)
at com.shopperstackGenericUtility.JavaUtility.localdateTime(JavaUtility.java:20)
at com.shopperstackGenericUtility.JavaUtility.localdateTime(JavaUtility.java:20)
at com.shopperstackGenericUtility.JavaUtility.localdateTime(JavaUtility.java:20)
at com.shopperstackGenericUtility.JavaUtility.localdateTime(JavaUtility.java:20)
at com.shopperstackGenericUtility.JavaUtility.localdateTime(JavaUtility.java:20)
at com.shopperstackGenericUtility.JavaUtility.localdateTime(JavaUtility.java:20)
at com.shopperstackGenericUtility.JavaUtility.localdateTime(JavaUtility.java:20)
at com.shopperstackGenericUtility.JavaUtility.localdateTime(JavaUtility.java:20)
at com.shopperstackGenericUtility.JavaUtility.localdateTime(JavaUtility.java:20)
at com.shopperstackGenericUtility.JavaUtility.localdateTime(JavaUtility.java:20)
at com.shopperstackGenericUtility.JavaUtility.localdateTime(JavaUtility.java:20)
at com.shopperstackGenericUtility.JavaUtility.localdateTime(JavaUtility.java:20)
at com.shopperstackGenericUtility.JavaUtility.localdateTime(JavaUtility.java:20)
at com.shopperstackGenericUtility.JavaUtility.localdateTime(JavaUtility.java:20)
at com.shopperstackGenericUtility.JavaUtility.localdateTime(JavaUtility.java:20)
at com.shopperstackGenericUtility.JavaUtility.localdateTime(JavaUtility.java:20)
at com.shopperstackGenericUtility.JavaUtility.localdateTime(JavaUtility.java:20)
at com.shopperstackGenericUtility.JavaUtility.localdateTime(JavaUtility.java:20)
at com.shopperstackGenericUtility.JavaUtility.localdateTime(JavaUtility.java:20)
at com.shopperstackGenericUtility.JavaUtility.localdateTime(JavaUtility.java:20)
at com.shopperstackGenericUtility.JavaUtility.localdateTime(JavaUtility.java:20)
at com.shopperstackGenericUtility.JavaUtility.localdateTime(JavaUtility.java:20)
at com.shopperstackGenericUtility.JavaUtility.localdateTime(JavaUtility.java:20)
at com.shopperstackGenericUtility.JavaUtility.localdateTime(JavaUtility.java:20)
at com.shopperstackGenericUtility.JavaUtility.localdateTime(JavaUtility.java:20)
at com.shopperstackGenericUtility.JavaUtility.localdateTime(JavaUtility.java:20)
at com.shopperstackGenericUtility.JavaUtility.localdateTime(JavaUtility.java:20)
at com.shopperstackGenericUtility.JavaUtility.localdateTime(JavaUtility.java:20)
at com.shopperstackGenericUtility.JavaUtility.localdateTime(JavaUtility.java:20)
at com.shopperstackGenericUtility.JavaUtility.localdateTime(JavaUtility.java:20)
at com.shopperstackGenericUtility.JavaUtility.localdateTime(JavaUtility.java:20)
at com.shopperstackGenericUtility.JavaUtility.localdateTime(JavaUtility.java:20)
at com.shopperstackGenericUtility.JavaUtility.localdateTime(JavaUtility.java:20)
at com.shopperstackGenericUtility.JavaUtility.localdateTime(JavaUtility.java:20)
at com.shopperstackGenericUtility.JavaUtility.localdateTime(JavaUtility.java:20)
at com.shopperstackGenericUtility.JavaUtility.localdateTime(JavaUtility.java:20)
at com.shopperstackGenericUtility.JavaUtility.localdateTime(JavaUtility.java:20)
at com.shopperstackGenericUtility.JavaUtility.localdateTime(JavaUtility.java:20)
at com.shopperstackGenericUtility.JavaUtility.localdateTime(JavaUtility.java:20)
at com.shopperstackGenericUtility.JavaUtility.localdateTime(JavaUtility.java:20)
at com.shopperstackGenericUtility.JavaUtility.localdateTime(JavaUtility.java:20)
at com.shopperstackGenericUtility.JavaUtility.localdateTime(JavaUtility.java:20)
at com.shopperstackGenericUtility.JavaUtility.localdateTime(JavaUtility.java:20)
at com.shopperstackGenericUtility.JavaUtility.localdateTime(JavaUtility.java:20)
at com.shopperstackGenericUtility.JavaUtility.localdateTime(JavaUtility.java:20)
at com.shopperstackGenericUtility.JavaUtility.localdateTime(JavaUtility.java:20)
at com.shopperstackGenericUtility.JavaUtility.localdateTime(JavaUtility.java:20)
at com.shopperstackGenericUtility.JavaUtility.localdateTime(JavaUtility.java:20)
at com.shopperstackGenericUtility.JavaUtility.localdateTime(JavaUtility.java:20)
at com.shopperstackGenericUtility.JavaUtility.localdateTime(JavaUtility.java:20)
at com.shopperstackGenericUtility.JavaUtility.localdateTime(JavaUtility.java:20)
at com.shopperstackGenericUtility.JavaUtility.localdateTime(JavaUtility.java:20)
at com.shopperstackGenericUtility.JavaUtility.localdateTime(JavaUtility.java:20)
at com.shopperstackGenericUtility.JavaUtility.localdateTime(JavaUtility.java:20)
at com.shopperstackGenericUtility.JavaUtility.localdateTime(JavaUtility.java:20)
at com.shopperstackGenericUtility.JavaUtility.localdateTime(JavaUtility.java:20)
at com.shopperstackGenericUtility.JavaUtility.localdateTime(JavaUtility.java:20)
at com.shopperstackGenericUtility.JavaUtility.localdateTime(JavaUtility.java:20)
at com.shopperstackGenericUtility.JavaUtility.localdateTime(JavaUtility.java:20)
at com.shopperstackGenericUtility.JavaUtility.localdateTime(JavaUtility.java:20)
at com.shopperstackGenericUtility.JavaUtility.localdateTime(JavaUtility.java:20)
at com.shopperstackGenericUtility.JavaUtility.localdateTime(JavaUtility.java:20)
at com.shopperstackGenericUtility.JavaUtility.localdateTime(JavaUtility.java:20)
at com.shopperstackGenericUtility.JavaUtility.localdateTime(JavaUtility.java:20)
at com.shopperstackGenericUtility.JavaUtility.localdateTime(JavaUtility.java:20)
at com.shopperstackGenericUtility.JavaUtility.localdateTime(JavaUtility.java:20)
at com.shopperstackGenericUtility.JavaUtility.localdateTime(JavaUtility.java:20)
at com.shopperstackGenericUtility.JavaUtility.localdateTime(JavaUtility.java:20)
at com.shopperstackGenericUtility.JavaUtility.localdateTime(JavaUtility.java:20)
at com.shopperstackGenericUtility.JavaUtility.localdateTime(JavaUtility.java:20)
at com.shopperstackGenericUtility.JavaUtility.localdateTime(JavaUtility.java:20)
at com.shopperstackGenericUtility.JavaUtility.localdateTime(JavaUtility.java:20)
at com.shopperstackGenericUtility.JavaUtility.localdateTime(JavaUtility.java:20)
at com.shopperstackGenericUtility.JavaUtility.localdateTime(JavaUtility.java:20)
at com.shopperstackGenericUtility.JavaUtility.localdateTime(JavaUtility.java:20)
at com.shopperstackGenericUtility.JavaUtility.localdateTime(JavaUtility.java:20)
at com.shopperstackGenericUtility.JavaUtility.localdateTime(JavaUtility.java:20)
at com.shopperstackGenericUtility.JavaUtility.localdateTime(JavaUtility.java:20)
at com.shopperstackGenericUtility.JavaUtility.localdateTime(JavaUtility.java:20)
at com.shopperstackGenericUtility.JavaUtility.localdateTime(JavaUtility.java:20)
at com.shopperstackGenericUtility.JavaUtility.localdateTime(JavaUtility.java:20)
at com.shopperstackGenericUtility.JavaUtility.localdateTime(JavaUtility.java:20)
at com.shopperstackGenericUtility.JavaUtility.localdateTime(JavaUtility.java:20)
at com.shopperstackGenericUtility.JavaUtility.localdateTime(JavaUtility.java:20)
at com.shopperstackGenericUtility.JavaUtility.localdateTime(JavaUtility.java:20)
at com.shopperstackGenericUtility.JavaUtility.localdateTime(JavaUtility.java:20)
at com.shopperstackGenericUtility.JavaUtility.localdateTime(JavaUtility.java:20)
at com.shopperstackGenericUtility.JavaUtility.localdateTime(JavaUtility.java:20)
at com.shopperstackGenericUtility.JavaUtility.localdateTime(JavaUtility.java:20)
at com.shopperstackGenericUtility.JavaUtility.localdateTime(JavaUtility.java:20)
at com.shopperstackGenericUtility.JavaUtility.localdateTime(JavaUtility.java:20)
at com.shopperstackGenericUtility.JavaUtility.localdateTime(JavaUtility.java:20)
at com.shopperstackGenericUtility.JavaUtility.localdateTime(JavaUtility.java:20)
at com.shopperstackGenericUtility.JavaUtility.localdateTime(JavaUtility.java:20)
at com.shopperstackGenericUtility.JavaUtility.localdateTime(JavaUtility.java:20)
at com.shopperstackGenericUtility.JavaUtility.localdateTime(JavaUtility.java:20)
at com.shopperstackGenericUtility.JavaUtility.localdateTime(JavaUtility.java:20)
at com.shopperstackGenericUtility.JavaUtility.localdateTime(JavaUtility.java:20)
at com.shopperstackGenericUtility.JavaUtility.localdateTime(JavaUtility.java:20)
at com.shopperstackGenericUtility.JavaUtility.localdateTime(JavaUtility.java:20)
at com.shopperstackGenericUtility.JavaUtility.localdateTime(JavaUtility.java:20)
at com.shopperstackGenericUtility.JavaUtility.localdateTime(JavaUtility.java:20)
at com.shopperstackGenericUtility.JavaUtility.localdateTime(JavaUtility.java:20)
at com.shopperstackGenericUtility.JavaUtility.localdateTime(JavaUtility.java:20)
at com.shopperstackGenericUtility.JavaUtility.localdateTime(JavaUtility.java:20)
at com.shopperstackGenericUtility.JavaUtility.localdateTime(JavaUtility.java:20)
at com.shopperstackGenericUtility.JavaUtility.localdateTime(JavaUtility.java:20)
at com.shopperstackGenericUtility.JavaUtility.localdateTime(JavaUtility.java:20)
at com.shopperstackGenericUtility.JavaUtility.localdateTime(JavaUtility.java:20)
at com.shopperstackGenericUtility.JavaUtility.localdateTime(JavaUtility.java:20)
at com.shopperstackGenericUtility.JavaUtility.localdateTime(JavaUtility.java:20)
at com.shopperstackGenericUtility.JavaUtility.localdateTime(JavaUtility.java:20)
at com.shopperstackGenericUtility.JavaUtility.localdateTime(JavaUtility.java:20)
at com.shopperstackGenericUtility.JavaUtility.localdateTime(JavaUtility.java:20)
at com.shopperstackGenericUtility.JavaUtility.localdateTime(JavaUtility.java:20)
at com.shopperstackGenericUtility.JavaUtility.localdateTime(JavaUtility.java:20)
at com.shopperstackGenericUtility.JavaUtility.localdateTime(JavaUtility.java:20)
at com.shopperstackGenericUtility.JavaUtility.localdateTime(JavaUtility.java:20)
at com.shopperstackGenericUtility.JavaUtility.localdateTime(JavaUtility.java:20)
at com.shopperstackGenericUtility.JavaUtility.localdateTime(JavaUtility.java:20)
at com.shopperstackGenericUtility.JavaUtility.localdateTime(JavaUtility.java:20)
at com.shopperstackGenericUtility.JavaUtility.localdateTime(JavaUtility.java:20)
at com.shopperstackGenericUtility.JavaUtility.localdateTime(JavaUtility.java:20)
at com.shopperstackGenericUtility.JavaUtility.localdateTime(JavaUtility.java:20)
at com.shopperstackGenericUtility.JavaUtility.localdateTime(JavaUtility.java:20)
at com.shopperstackGenericUtility.JavaUtility.localdateTime(JavaUtility.java:20)
at com.shopperstackGenericUtility.JavaUtility.localdateTime(JavaUtility.java:20)
at com.shopperstackGenericUtility.JavaUtility.localdateTime(JavaUtility.java:20)
at com.shopperstackGenericUtility.JavaUtility.localdateTime(JavaUtility.java:20)
at com.shopperstackGenericUtility.JavaUtility.localdateTime(JavaUtility.java:20)
at com.shopperstackGenericUtility.JavaUtility.localdateTime(JavaUtility.java:20)
at com.shopperstackGenericUtility.JavaUtility.localdateTime(JavaUtility.java:20)
at com.shopperstackGenericUtility.JavaUtility.localdateTime(JavaUtility.java:20)
at com.shopperstackGenericUtility.JavaUtility.localdateTime(JavaUtility.java:20)
at com.shopperstackGenericUtility.JavaUtility.localdateTime(JavaUtility.java:20)
at com.shopperstackGenericUtility.JavaUtility.localdateTime(JavaUtility.java:20)
at com.shopperstackGenericUtility.JavaUtility.localdateTime(JavaUtility.java:20)
at com.shopperstackGenericUtility.JavaUtility.localdateTime(JavaUtility.java:20)
at com.shopperstackGenericUtility.JavaUtility.localdateTime(JavaUtility.java:20)
at com.shopperstackGenericUtility.JavaUtility.localdateTime(JavaUtility.java:20)
at com.shopperstackGenericUtility.JavaUtility.localdateTime(JavaUtility.java:20)
at com.shopperstackGenericUtility.JavaUtility.localdateTime(JavaUtility.java:20)
at com.shopperstackGenericUtility.JavaUtility.localdateTime(JavaUtility.java:20)
at com.shopperstackGenericUtility.JavaUtility.localdateTime(JavaUtility.java:20)
at com.shopperstackGenericUtility.JavaUtility.localdateTime(JavaUtility.java:20)
at com.shopperstackGenericUtility.JavaUtility.localdateTime(JavaUtility.java:20)
at com.shopperstackGenericUtility.JavaUtility.localdateTime(JavaUtility.java:20)
at com.shopperstackGenericUtility.JavaUtility.localdateTime(JavaUtility.java:20)
at com.shopperstackGenericUtility.JavaUtility.localdateTime(JavaUtility.java:20)
at com.shopperstackGenericUtility.JavaUtility.localdateTime(JavaUtility.java:20)
at com.shopperstackGenericUtility.JavaUtility.localdateTime(JavaUtility.java:20)
at com.shopperstackGenericUtility.JavaUtility.localdateTime(JavaUtility.java:20)
at com.shopperstackGenericUtility.JavaUtility.localdateTime(JavaUtility.java:20)
at com.shopperstackGenericUtility.JavaUtility.localdateTime(JavaUtility.java:20)
at com.shopperstackGenericUtility.JavaUtility.localdateTime(JavaUtility.java:20)
at com.shopperstackGenericUtility.JavaUtility.localdateTime(JavaUtility.java:20)
at com.shopperstackGenericUtility.JavaUtility.localdateTime(JavaUtility.java:20)
at com.shopperstackGenericUtility.JavaUtility.localdateTime(JavaUtility.java:20)
at com.shopperstackGenericUtility.JavaUtility.localdateTime(JavaUtility.java:20)
at com.shopperstackGenericUtility.JavaUtility.localdateTime(JavaUtility.java:20)
at com.shopperstackGenericUtility.JavaUtility.localdateTime(JavaUtility.java:20)
at com.shopperstackGenericUtility.JavaUtility.localdateTime(JavaUtility.java:20)
at com.shopperstackGenericUtility.JavaUtility.localdateTime(JavaUtility.java:20)
at com.shopperstackGenericUtility.JavaUtility.localdateTime(JavaUtility.java:20)
at com.shopperstackGenericUtility.JavaUtility.localdateTime(JavaUtility.java:20)
at com.shopperstackGenericUtility.JavaUtility.localdateTime(JavaUtility.java:20)
at com.shopperstackGenericUtility.JavaUtility.localdateTime(JavaUtility.java:20)
at com.shopperstackGenericUtility.JavaUtility.localdateTime(JavaUtility.java:20)
at com.shopperstackGenericUtility.JavaUtility.localdateTime(JavaUtility.java:20)
at com.shopperstackGenericUtility.JavaUtility.localdateTime(JavaUtility.java:20)
at com.shopperstackGenericUtility.JavaUtility.localdateTime(JavaUtility.java:20)
at com.shopperstackGenericUtility.JavaUtility.localdateTime(JavaUtility.java:20)
at com.shopperstackGenericUtility.JavaUtility.localdateTime(JavaUtility.java:20)
at com.shopperstackGenericUtility.JavaUtility.localdateTime(JavaUtility.java:20)
at com.shopperstackGenericUtility.JavaUtility.localdateTime(JavaUtility.java:20)
at com.shopperstackGenericUtility.JavaUtility.localdateTime(JavaUtility.java:20)
at com.shopperstackGenericUtility.JavaUtility.localdateTime(JavaUtility.java:20)
at com.shopperstackGenericUtility.JavaUtility.localdateTime(JavaUtility.java:20)
at com.shopperstackGenericUtility.JavaUtility.localdateTime(JavaUtility.java:20)
at com.shopperstackGenericUtility.JavaUtility.localdateTime(JavaUtility.java:20)
at com.shopperstackGenericUtility.JavaUtility.localdateTime(JavaUtility.java:20)
at com.shopperstackGenericUtility.JavaUtility.localdateTime(JavaUtility.java:20)
at com.shopperstackGenericUtility.JavaUtility.localdateTime(JavaUtility.java:20)
at com.shopperstackGenericUtility.JavaUtility.localdateTime(JavaUtility.java:20)
at com.shopperstackGenericUtility.JavaUtility.localdateTime(JavaUtility.java:20)
at com.shopperstackGenericUtility.JavaUtility.localdateTime(JavaUtility.java:20)
at com.shopperstackGenericUtility.JavaUtility.localdateTime(JavaUtility.java:20)
at com.shopperstackGenericUtility.JavaUtility.localdateTime(JavaUtility.java:20)
at com.shopperstackGenericUtility.JavaUtility.localdateTime(JavaUtility.java:20)
at com.shopperstackGenericUtility.JavaUtility.localdateTime(JavaUtility.java:20)
at com.shopperstackGenericUtility.JavaUtility.localdateTime(JavaUtility.java:20)
at com.shopperstackGenericUtility.JavaUtility.localdateTime(JavaUtility.java:20)
at com.shopperstackGenericUtility.JavaUtility.localdateTime(JavaUtility.java:20)
at com.shopperstackGenericUtility.JavaUtility.localdateTime(JavaUtility.java:20)
at com.shopperstackGenericUtility.JavaUtility.localdateTime(JavaUtility.java:20)
at com.shopperstackGenericUtility.JavaUtility.localdateTime(JavaUtility.java:20)
at com.shopperstackGenericUtility.JavaUtility.localdateTime(JavaUtility.java:20)
at com.shopperstackGenericUtility.JavaUtility.localdateTime(JavaUtility.java:20)
at com.shopperstackGenericUtility.JavaUtility.localdateTime(JavaUtility.java:20)
at com.shopperstackGenericUtility.JavaUtility.localdateTime(JavaUtility.java:20)
at com.shopperstackGenericUtility.JavaUtility.localdateTime(JavaUtility.java:20)
at com.shopperstackGenericUtility.JavaUtility.localdateTime(JavaUtility.java:20)
at com.shopperstackGenericUtility.JavaUtility.localdateTime(JavaUtility.java:20)
at com.shopperstackGenericUtility.JavaUtility.localdateTime(JavaUtility.java:20)
at com.shopperstackGenericUtility.JavaUtility.localdateTime(JavaUtility.java:20)
at com.shopperstackGenericUtility.JavaUtility.localdateTime(JavaUtility.java:20)
at com.shopperstackGenericUtility.JavaUtility.localdateTime(JavaUtility.java:20)
at com.shopperstackGenericUtility.JavaUtility.localdateTime(JavaUtility.java:20)
at com.shopperstackGenericUtility.JavaUtility.localdateTime(JavaUtility.java:20)
at com.shopperstackGenericUtility.JavaUtility.localdateTime(JavaUtility.java:20)
at com.shopperstackGenericUtility.JavaUtility.localdateTime(JavaUtility.java:20)
at com.shopperstackGenericUtility.JavaUtility.localdateTime(JavaUtility.java:20)
at com.shopperstackGenericUtility.JavaUtility.localdateTime(JavaUtility.java:20)
at com.shopperstackGenericUtility.JavaUtility.localdateTime(JavaUtility.java:20)
at com.shopperstackGenericUtility.JavaUtility.localdateTime(JavaUtility.java:20)
at com.shopperstackGenericUtility.JavaUtility.localdateTime(JavaUtility.java:20)
at com.shopperstackGenericUtility.JavaUtility.localdateTime(JavaUtility.java:20)
at com.shopperstackGenericUtility.JavaUtility.localdateTime(JavaUtility.java:20)
at com.shopperstackGenericUtility.JavaUtility.localdateTime(JavaUtility.java:20)
at com.shopperstackGenericUtility.JavaUtility.localdateTime(JavaUtility.java:20)
at com.shopperstackGenericUtility.JavaUtility.localdateTime(JavaUtility.java:20)
at com.shopperstackGenericUtility.JavaUtility.localdateTime(JavaUtility.java:20)
at com.shopperstackGenericUtility.JavaUtility.localdateTime(JavaUtility.java:20)
at com.shopperstackGenericUtility.JavaUtility.localdateTime(JavaUtility.java:20)
at com.shopperstackGenericUtility.JavaUtility.localdateTime(JavaUtility.java:20)
at com.shopperstackGenericUtility.JavaUtility.localdateTime(JavaUtility.java:20)
at com.shopperstackGenericUtility.JavaUtility.localdateTime(JavaUtility.java:20)
at com.shopperstackGenericUtility.JavaUtility.localdateTime(JavaUtility.java:20)
at com.shopperstackGenericUtility.JavaUtility.localdateTime(JavaUtility.java:20)
at com.shopperstackGenericUtility.JavaUtility.localdateTime(JavaUtility.java:20)
at com.shopperstackGenericUtility.JavaUtility.localdateTime(JavaUtility.java:20)
at com.shopperstackGenericUtility.JavaUtility.localdateTime(JavaUtility.java:20)
at com.shopperstackGenericUtility.JavaUtility.localdateTime(JavaUtility.java:20)
at com.shopperstackGenericUtility.JavaUtility.localdateTime(JavaUtility.java:20)
at com.shopperstackGenericUtility.JavaUtility.localdateTime(JavaUtility.java:20)
at com.shopperstackGenericUtility.JavaUtility.localdateTime(JavaUtility.java:20)
at com.shopperstackGenericUtility.JavaUtility.localdateTime(JavaUtility.java:20)
at com.shopperstackGenericUtility.JavaUtility.localdateTime(JavaUtility.java:20)
at com.shopperstackGenericUtility.JavaUtility.localdateTime(JavaUtility.java:20)
at com.shopperstackGenericUtility.JavaUtility.localdateTime(JavaUtility.java:20)
at com.shopperstackGenericUtility.JavaUtility.localdateTime(JavaUtility.java:20)
at com.shopperstackGenericUtility.JavaUtility.localdateTime(JavaUtility.java:20)
at com.shopperstackGenericUtility.JavaUtility.localdateTime(JavaUtility.java:20)
at com.shopperstackGenericUtility.JavaUtility.localdateTime(JavaUtility.java:20)
at com.shopperstackGenericUtility.JavaUtility.localdateTime(JavaUtility.java:20)
at com.shopperstackGenericUtility.JavaUtility.localdateTime(JavaUtility.java:20)
at com.shopperstackGenericUtility.JavaUtility.localdateTime(JavaUtility.java:20)
at com.shopperstackGenericUtility.JavaUtility.localdateTime(JavaUtility.java:20)
at com.shopperstackGenericUtility.JavaUtility.localdateTime(JavaUtility.java:20)
at com.shopperstackGenericUtility.JavaUtility.localdateTime(JavaUtility.java:20)
at com.shopperstackGenericUtility.JavaUtility.localdateTime(JavaUtility.java:20)
at com.shopperstackGenericUtility.JavaUtility.localdateTime(JavaUtility.java:20)
at com.shopperstackGenericUtility.JavaUtility.localdateTime(JavaUtility.java:20)
at com.shopperstackGenericUtility.JavaUtility.localdateTime(JavaUtility.java:20)
at com.shopperstackGenericUtility.JavaUtility.localdateTime(JavaUtility.java:20)
at com.shopperstackGenericUtility.JavaUtility.localdateTime(JavaUtility.java:20)
at com.shopperstackGenericUtility.JavaUtility.localdateTime(JavaUtility.java:20)
at com.shopperstackGenericUtility.JavaUtility.localdateTime(JavaUtility.java:20)
at com.shopperstackGenericUtility.JavaUtility.localdateTime(JavaUtility.java:20)
at com.shopperstackGenericUtility.JavaUtility.localdateTime(JavaUtility.java:20)
at com.shopperstackGenericUtility.JavaUtility.localdateTime(JavaUtility.java:20)
at com.shopperstackGenericUtility.JavaUtility.localdateTime(JavaUtility.java:20)
at com.shopperstackGenericUtility.JavaUtility.localdateTime(JavaUtility.java:20)
at com.shopperstackGenericUtility.JavaUtility.localdateTime(JavaUtility.java:20)
at com.shopperstackGenericUtility.JavaUtility.localdateTime(JavaUtility.java:20)
at com.shopperstackGenericUtility.JavaUtility.localdateTime(JavaUtility.java:20)
at com.shopperstackGenericUtility.JavaUtility.localdateTime(JavaUtility.java:20)
at com.shopperstackGenericUtility.JavaUtility.localdateTime(JavaUtility.java:20)
at com.shopperstackGenericUtility.JavaUtility.localdateTime(JavaUtility.java:20)
at com.shopperstackGenericUtility.JavaUtility.localdateTime(JavaUtility.java:20)
at com.shopperstackGenericUtility.JavaUtility.localdateTime(JavaUtility.java:20)
at com.shopperstackGenericUtility.JavaUtility.localdateTime(JavaUtility.java:20)
at com.shopperstackGenericUtility.JavaUtility.localdateTime(JavaUtility.java:20)
at com.shopperstackGenericUtility.JavaUtility.localdateTime(JavaUtility.java:20)
at com.shopperstackGenericUtility.JavaUtility.localdateTime(JavaUtility.java:20)
at com.shopperstackGenericUtility.JavaUtility.localdateTime(JavaUtility.java:20)
at com.shopperstackGenericUtility.JavaUtility.localdateTime(JavaUtility.java:20)
at com.shopperstackGenericUtility.JavaUtility.localdateTime(JavaUtility.java:20)
at com.shopperstackGenericUtility.JavaUtility.localdateTime(JavaUtility.java:20)
at com.shopperstackGenericUtility.JavaUtility.localdateTime(JavaUtility.java:20)
at com.shopperstackGenericUtility.JavaUtility.localdateTime(JavaUtility.java:20)
at com.shopperstackGenericUtility.JavaUtility.localdateTime(JavaUtility.java:20)
at com.shopperstackGenericUtility.JavaUtility.localdateTime(JavaUtility.java:20)
at com.shopperstackGenericUtility.JavaUtility.localdateTime(JavaUtility.java:20)
at com.shopperstackGenericUtility.JavaUtility.localdateTime(JavaUtility.java:20)
at com.shopperstackGenericUtility.JavaUtility.localdateTime(JavaUtility.java:20)
at com.shopperstackGenericUtility.JavaUtility.localdateTime(JavaUtility.java:20)
at com.shopperstackGenericUtility.JavaUtility.localdateTime(JavaUtility.java:20)
at com.shopperstackGenericUtility.JavaUtility.localdateTime(JavaUtility.java:20)
at com.shopperstackGenericUtility.JavaUtility.localdateTime(JavaUtility.java:20)
at com.shopperstackGenericUtility.JavaUtility.localdateTime(JavaUtility.java:20)
at com.shopperstackGenericUtility.JavaUtility.localdateTime(JavaUtility.java:20)
at com.shopperstackGenericUtility.JavaUtility.localdateTime(JavaUtility.java:20)
at com.shopperstackGenericUtility.JavaUtility.localdateTime(JavaUtility.java:20)
at com.shopperstackGenericUtility.JavaUtility.localdateTime(JavaUtility.java:20)
at com.shopperstackGenericUtility.JavaUtility.localdateTime(JavaUtility.java:20)
at com.shopperstackGenericUtility.JavaUtility.localdateTime(JavaUtility.java:20)
at com.shopperstackGenericUtility.JavaUtility.localdateTime(JavaUtility.java:20)
at com.shopperstackGenericUtility.JavaUtility.localdateTime(JavaUtility.java:20)
at com.shopperstackGenericUtility.JavaUtility.localdateTime(JavaUtility.java:20)
at com.shopperstackGenericUtility.JavaUtility.localdateTime(JavaUtility.java:20)
at com.shopperstackGenericUtility.JavaUtility.localdateTime(JavaUtility.java:20)
at com.shopperstackGenericUtility.JavaUtility.localdateTime(JavaUtility.java:20)
at com.shopperstackGenericUtility.JavaUtility.localdateTime(JavaUtility.java:20)
at com.shopperstackGenericUtility.JavaUtility.localdateTime(JavaUtility.java:20)
at com.shopperstackGenericUtility.JavaUtility.localdateTime(JavaUtility.java:20)
at com.shopperstackGenericUtility.JavaUtility.localdateTime(JavaUtility.java:20)
at com.shopperstackGenericUtility.JavaUtility.localdateTime(JavaUtility.java:20)
at com.shopperstackGenericUtility.JavaUtility.localdateTime(JavaUtility.java:20)
at com.shopperstackGenericUtility.JavaUtility.localdateTime(JavaUtility.java:20)
at com.shopperstackGenericUtility.JavaUtility.localdateTime(JavaUtility.java:20)
at com.shopperstackGenericUtility.JavaUtility.localdateTime(JavaUtility.java:20)
at com.shopperstackGenericUtility.JavaUtility.localdateTime(JavaUtility.java:20)
at com.shopperstackGenericUtility.JavaUtility.localdateTime(JavaUtility.java:20)
at com.shopperstackGenericUtility.JavaUtility.localdateTime(JavaUtility.java:20)
at com.shopperstackGenericUtility.JavaUtility.localdateTime(JavaUtility.java:20)
at com.shopperstackGenericUtility.JavaUtility.localdateTime(JavaUtility.java:20)
at com.shopperstackGenericUtility.JavaUtility.localdateTime(JavaUtility.java:20)
at com.shopperstackGenericUtility.JavaUtility.localdateTime(JavaUtility.java:20)
at com.shopperstackGenericUtility.JavaUtility.localdateTime(JavaUtility.java:20)
at com.shopperstackGenericUtility.JavaUtility.localdateTime(JavaUtility.java:20)
at com.shopperstackGenericUtility.JavaUtility.localdateTime(JavaUtility.java:20)
at com.shopperstackGenericUtility.JavaUtility.localdateTime(JavaUtility.java:20)
at com.shopperstackGenericUtility.JavaUtility.localdateTime(JavaUtility.java:20)
at com.shopperstackGenericUtility.JavaUtility.localdateTime(JavaUtility.java:20)
at com.shopperstackGenericUtility.JavaUtility.localdateTime(JavaUtility.java:20)
at com.shopperstackGenericUtility.JavaUtility.localdateTime(JavaUtility.java:20)
at com.shopperstackGenericUtility.JavaUtility.localdateTime(JavaUtility.java:20)
at com.shopperstackGenericUtility.JavaUtility.localdateTime(JavaUtility.java:20)
at com.shopperstackGenericUtility.JavaUtility.localdateTime(JavaUtility.java:20)
at com.shopperstackGenericUtility.JavaUtility.localdateTime(JavaUtility.java:20)
at com.shopperstackGenericUtility.JavaUtility.localdateTime(JavaUtility.java:20)
at com.shopperstackGenericUtility.JavaUtility.localdateTime(JavaUtility.java:20)
at com.shopperstackGenericUtility.JavaUtility.localdateTime(JavaUtility.java:20)
at com.shopperstackGenericUtility.JavaUtility.localdateTime(JavaUtility.java:20)
at com.shopperstackGenericUtility.JavaUtility.localdateTime(JavaUtility.java:20)
at com.shopperstackGenericUtility.JavaUtility.localdateTime(JavaUtility.java:20)
at com.shopperstackGenericUtility.JavaUtility.localdateTime(JavaUtility.java:20)
at com.shopperstackGenericUtility.JavaUtility.localdateTime(JavaUtility.java:20)
at com.shopperstackGenericUtility.JavaUtility.localdateTime(JavaUtility.java:20)
at com.shopperstackGenericUtility.JavaUtility.localdateTime(JavaUtility.java:20)
at com.shopperstackGenericUtility.JavaUtility.localdateTime(JavaUtility.java:20)
at com.shopperstackGenericUtility.JavaUtility.localdateTime(JavaUtility.java:20)
at com.shopperstackGenericUtility.JavaUtility.localdateTime(JavaUtility.java:20)
at com.shopperstackGenericUtility.JavaUtility.localdateTime(JavaUtility.java:20)
at com.shopperstackGenericUtility.JavaUtility.localdateTime(JavaUtility.java:20)
at com.shopperstackGenericUtility.JavaUtility.localdateTime(JavaUtility.java:20)
at com.shopperstackGenericUtility.JavaUtility.localdateTime(JavaUtility.java:20)
at com.shopperstackGenericUtility.JavaUtility.localdateTime(JavaUtility.java:20)
at com.shopperstackGenericUtility.JavaUtility.localdateTime(JavaUtility.java:20)
at com.shopperstackGenericUtility.JavaUtility.localdateTime(JavaUtility.java:20)
at com.shopperstackGenericUtility.JavaUtility.localdateTime(JavaUtility.java:20)
at com.shopperstackGenericUtility.JavaUtility.localdateTime(JavaUtility.java:20)
at com.shopperstackGenericUtility.JavaUtility.localdateTime(JavaUtility.java:20)
at com.shopperstackGenericUtility.JavaUtility.localdateTime(JavaUtility.java:20)
at com.shopperstackGenericUtility.JavaUtility.localdateTime(JavaUtility.java:20)
at com.shopperstackGenericUtility.JavaUtility.localdateTime(JavaUtility.java:20)
at com.shopperstackGenericUtility.JavaUtility.localdateTime(JavaUtility.java:20)
at com.shopperstackGenericUtility.JavaUtility.localdateTime(JavaUtility.java:20)
at com.shopperstackGenericUtility.JavaUtility.localdateTime(JavaUtility.java:20)
at com.shopperstackGenericUtility.JavaUtility.localdateTime(JavaUtility.java:20)
at com.shopperstackGenericUtility.JavaUtility.localdateTime(JavaUtility.java:20)
at com.shopperstackGenericUtility.JavaUtility.localdateTime(JavaUtility.java:20)
at com.shopperstackGenericUtility.JavaUtility.localdateTime(JavaUtility.java:20)
at com.shopperstackGenericUtility.JavaUtility.localdateTime(JavaUtility.java:20)
at com.shopperstackGenericUtility.JavaUtility.localdateTime(JavaUtility.java:20)
at com.shopperstackGenericUtility.JavaUtility.localdateTime(JavaUtility.java:20)
at com.shopperstackGenericUtility.JavaUtility.localdateTime(JavaUtility.java:20)
at com.shopperstackGenericUtility.JavaUtility.localdateTime(JavaUtility.java:20)
at com.shopperstackGenericUtility.JavaUtility.localdateTime(JavaUtility.java:20)
at com.shopperstackGenericUtility.JavaUtility.localdateTime(JavaUtility.java:20)
at com.shopperstackGenericUtility.JavaUtility.localdateTime(JavaUtility.java:20)
at com.shopperstackGenericUtility.JavaUtility.localdateTime(JavaUtility.java:20)
at com.shopperstackGenericUtility.JavaUtility.localdateTime(JavaUtility.java:20)
at com.shopperstackGenericUtility.JavaUtility.localdateTime(JavaUtility.java:20)
at com.shopperstackGenericUtility.JavaUtility.localdateTime(JavaUtility.java:20)
at com.shopperstackGenericUtility.JavaUtility.localdateTime(JavaUtility.java:20)
at com.shopperstackGenericUtility.JavaUtility.localdateTime(JavaUtility.java:20)
at com.shopperstackGenericUtility.JavaUtility.localdateTime(JavaUtility.java:20)
at com.shopperstackGenericUtility.JavaUtility.localdateTime(JavaUtility.java:20)
at com.shopperstackGenericUtility.JavaUtility.localdateTime(JavaUtility.java:20)
at com.shopperstackGenericUtility.JavaUtility.localdateTime(JavaUtility.java:20)
at com.shopperstackGenericUtility.JavaUtility.localdateTime(JavaUtility.java:20)
at com.shopperstackGenericUtility.JavaUtility.localdateTime(JavaUtility.java:20)
at com.shopperstackGenericUtility.JavaUtility.localdateTime(JavaUtility.java:20)
at com.shopperstackGenericUtility.JavaUtility.localdateTime(JavaUtility.java:20)
at com.shopperstackGenericUtility.JavaUtility.localdateTime(JavaUtility.java:20)
at com.shopperstackGenericUtility.JavaUtility.localdateTime(JavaUtility.java:20)
at com.shopperstackGenericUtility.JavaUtility.localdateTime(JavaUtility.java:20)
at com.shopperstackGenericUtility.JavaUtility.localdateTime(JavaUtility.java:20)
at com.shopperstackGenericUtility.JavaUtility.localdateTime(JavaUtility.java:20)
at com.shopperstackGenericUtility.JavaUtility.localdateTime(JavaUtility.java:20)
at com.shopperstackGenericUtility.JavaUtility.localdateTime(JavaUtility.java:20)
at com.shopperstackGenericUtility.JavaUtility.localdateTime(JavaUtility.java:20)
at com.shopperstackGenericUtility.JavaUtility.localdateTime(JavaUtility.java:20)
at com.shopperstackGenericUtility.JavaUtility.localdateTime(JavaUtility.java:20)
at com.shopperstackGenericUtility.JavaUtility.localdateTime(JavaUtility.java:20)
at com.shopperstackGenericUtility.JavaUtility.localdateTime(JavaUtility.java:20)
at com.shopperstackGenericUtility.JavaUtility.localdateTime(JavaUtility.java:20)
at com.shopperstackGenericUtility.JavaUtility.localdateTime(JavaUtility.java:20)
at com.shopperstackGenericUtility.JavaUtility.localdateTime(JavaUtility.java:20)
at com.shopperstackGenericUtility.JavaUtility.localdateTime(JavaUtility.java:20)
at com.shopperstackGenericUtility.JavaUtility.localdateTime(JavaUtility.java:20)
at com.shopperstackGenericUtility.JavaUtility.localdateTime(JavaUtility.java:20)
at com.shopperstackGenericUtility.JavaUtility.localdateTime(JavaUtility.java:20)
at com.shopperstackGenericUtility.JavaUtility.localdateTime(JavaUtility.java:20)
at com.shopperstackGenericUtility.JavaUtility.localdateTime(JavaUtility.java:20)
at com.shopperstackGenericUtility.JavaUtility.localdateTime(JavaUtility.java:20)
at com.shopperstackGenericUtility.JavaUtility.localdateTime(JavaUtility.java:20)
at com.shopperstackGenericUtility.JavaUtility.localdateTime(JavaUtility.java:20)
at com.shopperstackGenericUtility.JavaUtility.localdateTime(JavaUtility.java:20)
at com.shopperstackGenericUtility.JavaUtility.localdateTime(JavaUtility.java:20)
at com.shopperstackGenericUtility.JavaUtility.localdateTime(JavaUtility.java:20)
at com.shopperstackGenericUtility.JavaUtility.localdateTime(JavaUtility.java:20)
at com.shopperstackGenericUtility.JavaUtility.localdateTime(JavaUtility.java:20)
at com.shopperstackGenericUtility.JavaUtility.localdateTime(JavaUtility.java:20)
at com.shopperstackGenericUtility.JavaUtility.localdateTime(JavaUtility.java:20)
at com.shopperstackGenericUtility.JavaUtility.localdateTime(JavaUtility.java:20)
at com.shopperstackGenericUtility.JavaUtility.localdateTime(JavaUtility.java:20)
at com.shopperstackGenericUtility.JavaUtility.localdateTime(JavaUtility.java:20)
at com.shopperstackGenericUtility.JavaUtility.localdateTime(JavaUtility.java:20)
at com.shopperstackGenericUtility.JavaUtility.localdateTime(JavaUtility.java:20)
at com.shopperstackGenericUtility.JavaUtility.localdateTime(JavaUtility.java:20)
at com.shopperstackGenericUtility.JavaUtility.localdateTime(JavaUtility.java:20)
at com.shopperstackGenericUtility.JavaUtility.localdateTime(JavaUtility.java:20)
at com.shopperstackGenericUtility.JavaUtility.localdateTime(JavaUtility.java:20)
at com.shopperstackGenericUtility.JavaUtility.localdateTime(JavaUtility.java:20)
at com.shopperstackGenericUtility.JavaUtility.localdateTime(JavaUtility.java:20)
at com.shopperstackGenericUtility.JavaUtility.localdateTime(JavaUtility.java:20)
at com.shopperstackGenericUtility.JavaUtility.localdateTime(JavaUtility.java:20)
at com.shopperstackGenericUtility.JavaUtility.localdateTime(JavaUtility.java:20)
at com.shopperstackGenericUtility.JavaUtility.localdateTime(JavaUtility.java:20)
at com.shopperstackGenericUtility.JavaUtility.localdateTime(JavaUtility.java:20)
at com.shopperstackGenericUtility.JavaUtility.localdateTime(JavaUtility.java:20)
at com.shopperstackGenericUtility.JavaUtility.localdateTime(JavaUtility.java:20)
at com.shopperstackGenericUtility.JavaUtility.localdateTime(JavaUtility.java:20)
at com.shopperstackGenericUtility.JavaUtility.localdateTime(JavaUtility.java:20)
at com.shopperstackGenericUtility.JavaUtility.localdateTime(JavaUtility.java:20)
at com.shopperstackGenericUtility.JavaUtility.localdateTime(JavaUtility.java:20)
at com.shopperstackGenericUtility.JavaUtility.localdateTime(JavaUtility.java:20)
at com.shopperstackGenericUtility.JavaUtility.localdateTime(JavaUtility.java:20)
at com.shopperstackGenericUtility.JavaUtility.localdateTime(JavaUtility.java:20)
at com.shopperstackGenericUtility.JavaUtility.localdateTime(JavaUtility.java:20)
at com.shopperstackGenericUtility.JavaUtility.localdateTime(JavaUtility.java:20)
at com.shopperstackGenericUtility.JavaUtility.localdateTime(JavaUtility.java:20)
at com.shopperstackGenericUtility.JavaUtility.localdateTime(JavaUtility.java:20)
at com.shopperstackGenericUtility.JavaUtility.localdateTime(JavaUtility.java:20)
at com.shopperstackGenericUtility.JavaUtility.localdateTime(JavaUtility.java:20)
at com.shopperstackGenericUtility.JavaUtility.localdateTime(JavaUtility.java:20)
at com.shopperstackGenericUtility.JavaUtility.localdateTime(JavaUtility.java:20)
at com.shopperstackGenericUtility.JavaUtility.localdateTime(JavaUtility.java:20)
at com.shopperstackGenericUtility.JavaUtility.localdateTime(JavaUtility.java:20)
at com.shopperstackGenericUtility.JavaUtility.localdateTime(JavaUtility.java:20)
at com.shopperstackGenericUtility.JavaUtility.localdateTime(JavaUtility.java:20)
at com.shopperstackGenericUtility.JavaUtility.localdateTime(JavaUtility.java:20)
at com.shopperstackGenericUtility.JavaUtility.localdateTime(JavaUtility.java:20)
at com.shopperstackGenericUtility.JavaUtility.localdateTime(JavaUtility.java:20)
at com.shopperstackGenericUtility.JavaUtility.localdateTime(JavaUtility.java:20)
at com.shopperstackGenericUtility.JavaUtility.localdateTime(JavaUtility.java:20)
at com.shopperstackGenericUtility.JavaUtility.localdateTime(JavaUtility.java:20)
at com.shopperstackGenericUtility.JavaUtility.localdateTime(JavaUtility.java:20)
at com.shopperstackGenericUtility.JavaUtility.localdateTime(JavaUtility.java:20)
at com.shopperstackGenericUtility.JavaUtility.localdateTime(JavaUtility.java:20)
at com.shopperstackGenericUtility.JavaUtility.localdateTime(JavaUtility.java:20)
at com.shopperstackGenericUtility.JavaUtility.localdateTime(JavaUtility.java:20)
at com.shopperstackGenericUtility.JavaUtility.localdateTime(JavaUtility.java:20)
at com.shopperstackGenericUtility.JavaUtility.localdateTime(JavaUtility.java:20)
at com.shopperstackGenericUtility.JavaUtility.localdateTime(JavaUtility.java:20)
at com.shopperstackGenericUtility.JavaUtility.localdateTime(JavaUtility.java:20)
at com.shopperstackGenericUtility.JavaUtility.localdateTime(JavaUtility.java:20)
at com.shopperstackGenericUtility.JavaUtility.localdateTime(JavaUtility.java:20)
at com.shopperstackGenericUtility.JavaUtility.localdateTime(JavaUtility.java:20)
at com.shopperstackGenericUtility.JavaUtility.localdateTime(JavaUtility.java:20)
at com.shopperstackGenericUtility.JavaUtility.localdateTime(JavaUtility.java:20)
at com.shopperstackGenericUtility.JavaUtility.localdateTime(JavaUtility.java:20)
at com.shopperstackGenericUtility.JavaUtility.localdateTime(JavaUtility.java:20)
at com.shopperstackGenericUtility.JavaUtility.localdateTime(JavaUtility.java:20)
at com.shopperstackGenericUtility.JavaUtility.localdateTime(JavaUtility.java:20)
at com.shopperstackGenericUtility.JavaUtility.localdateTime(JavaUtility.java:20)
at com.shopperstackGenericUtility.JavaUtility.localdateTime(JavaUtility.java:20)
at com.shopperstackGenericUtility.JavaUtility.localdateTime(JavaUtility.java:20)
at com.shopperstackGenericUtility.JavaUtility.localdateTime(JavaUtility.java:20)
at com.shopperstackGenericUtility.JavaUtility.localdateTime(JavaUtility.java:20)
at com.shopperstackGenericUtility.JavaUtility.localdateTime(JavaUtility.java:20)
at com.shopperstackGenericUtility.JavaUtility.localdateTime(JavaUtility.java:20)
at com.shopperstackGenericUtility.JavaUtility.localdateTime(JavaUtility.java:20)
at com.shopperstackGenericUtility.JavaUtility.localdateTime(JavaUtility.java:20)
at com.shopperstackGenericUtility.JavaUtility.localdateTime(JavaUtility.java:20)
at com.shopperstackGenericUtility.JavaUtility.localdateTime(JavaUtility.java:20)
at com.shopperstackGenericUtility.JavaUtility.localdateTime(JavaUtility.java:20)
at com.shopperstackGenericUtility.JavaUtility.localdateTime(JavaUtility.java:20)
at com.shopperstackGenericUtility.JavaUtility.localdateTime(JavaUtility.java:20)
at com.shopperstackGenericUtility.JavaUtility.localdateTime(JavaUtility.java:20)
at com.shopperstackGenericUtility.JavaUtility.localdateTime(JavaUtility.java:20)
at com.shopperstackGenericUtility.JavaUtility.localdateTime(JavaUtility.java:20)
at com.shopperstackGenericUtility.JavaUtility.localdateTime(JavaUtility.java:20)
at com.shopperstackGenericUtility.JavaUtility.localdateTime(JavaUtility.java:20)
at com.shopperstackGenericUtility.JavaUtility.localdateTime(JavaUtility.java:20)
at com.shopperstackGenericUtility.JavaUtility.localdateTime(JavaUtility.java:20)
at com.shopperstackGenericUtility.JavaUtility.localdateTime(JavaUtility.java:20)
at com.shopperstackGenericUtility.JavaUtility.localdateTime(JavaUtility.java:20)
at com.shopperstackGenericUtility.JavaUtility.localdateTime(JavaUtility.java:20)
at com.shopperstackGenericUtility.JavaUtility.localdateTime(JavaUtility.java:20)
at com.shopperstackGenericUtility.JavaUtility.localdateTime(JavaUtility.java:20)
at com.shopperstackGenericUtility.JavaUtility.localdateTime(JavaUtility.java:20)
at com.shopperstackGenericUtility.JavaUtility.localdateTime(JavaUtility.java:20)
at com.shopperstackGenericUtility.JavaUtility.localdateTime(JavaUtility.java:20)
at com.shopperstackGenericUtility.JavaUtility.localdateTime(JavaUtility.java:20)
at com.shopperstackGenericUtility.JavaUtility.localdateTime(JavaUtility.java:20)
at com.shopperstackGenericUtility.JavaUtility.localdateTime(JavaUtility.java:20)
at com.shopperstackGenericUtility.JavaUtility.localdateTime(JavaUtility.java:20)
at com.shopperstackGenericUtility.JavaUtility.localdateTime(JavaUtility.java:20)
at com.shopperstackGenericUtility.JavaUtility.localdateTime(JavaUtility.java:20)
at com.shopperstackGenericUtility.JavaUtility.localdateTime(JavaUtility.java:20)
at com.shopperstackGenericUtility.JavaUtility.localdateTime(JavaUtility.java:20)
at com.shopperstackGenericUtility.JavaUtility.localdateTime(JavaUtility.java:20)
at com.shopperstackGenericUtility.JavaUtility.localdateTime(JavaUtility.java:20)
at com.shopperstackGenericUtility.JavaUtility.localdateTime(JavaUtility.java:20)
at com.shopperstackGenericUtility.JavaUtility.localdateTime(JavaUtility.java:20)
at com.shopperstackGenericUtility.JavaUtility.localdateTime(JavaUtility.java:20)
at com.shopperstackGenericUtility.JavaUtility.localdateTime(JavaUtility.java:20)
at com.shopperstackGenericUtility.JavaUtility.localdateTime(JavaUtility.java:20)
at com.shopperstackGenericUtility.JavaUtility.localdateTime(JavaUtility.java:20)
at com.shopperstackGenericUtility.JavaUtility.localdateTime(JavaUtility.java:20)
at com.shopperstackGenericUtility.JavaUtility.localdateTime(JavaUtility.java:20)
at com.shopperstackGenericUtility.JavaUtility.localdateTime(JavaUtility.java:20)
at com.shopperstackGenericUtility.JavaUtility.localdateTime(JavaUtility.java:20)
at com.shopperstackGenericUtility.JavaUtility.localdateTime(JavaUtility.java:20)
at com.shopperstackGenericUtility.JavaUtility.localdateTime(JavaUtility.java:20)
at com.shopperstackGenericUtility.JavaUtility.localdateTime(JavaUtility.java:20)
at com.shopperstackGenericUtility.JavaUtility.localdateTime(JavaUtility.java:20)
at com.shopperstackGenericUtility.JavaUtility.localdateTime(JavaUtility.java:20)
at com.shopperstackGenericUtility.JavaUtility.localdateTime(JavaUtility.java:20)
at com.shopperstackGenericUtility.JavaUtility.localdateTime(JavaUtility.java:20)
at com.shopperstackGenericUtility.JavaUtility.localdateTime(JavaUtility.java:20)
at com.shopperstackGenericUtility.JavaUtility.localdateTime(JavaUtility.java:20)
at com.shopperstackGenericUtility.JavaUtility.localdateTime(JavaUtility.java:20)
at com.shopperstackGenericUtility.JavaUtility.localdateTime(JavaUtility.java:20)
at com.shopperstackGenericUtility.JavaUtility.localdateTime(JavaUtility.java:20)
at com.shopperstackGenericUtility.JavaUtility.localdateTime(JavaUtility.java:20)
at com.shopperstackGenericUtility.JavaUtility.localdateTime(JavaUtility.java:20)
at com.shopperstackGenericUtility.JavaUtility.localdateTime(JavaUtility.java:20)
at com.shopperstackGenericUtility.JavaUtility.localdateTime(JavaUtility.java:20)
at com.shopperstackGenericUtility.JavaUtility.localdateTime(JavaUtility.java:20)
at com.shopperstackGenericUtility.JavaUtility.localdateTime(JavaUtility.java:20)
at com.shopperstackGenericUtility.JavaUtility.localdateTime(JavaUtility.java:20)
at com.shopperstackGenericUtility.JavaUtility.localdateTime(JavaUtility.java:20)
at com.shopperstackGenericUtility.JavaUtility.localdateTime(JavaUtility.java:20)
at com.shopperstackGenericUtility.JavaUtility.localdateTime(JavaUtility.java:20)
at com.shopperstackGenericUtility.JavaUtility.localdateTime(JavaUtility.java:20)
at com.shopperstackGenericUtility.JavaUtility.localdateTime(JavaUtility.java:20)
at com.shopperstackGenericUtility.JavaUtility.localdateTime(JavaUtility.java:20)
at com.shopperstackGenericUtility.JavaUtility.localdateTime(JavaUtility.java:20)
at com.shopperstackGenericUtility.JavaUtility.localdateTime(JavaUtility.java:20)
at com.shopperstackGenericUtility.JavaUtility.localdateTime(JavaUtility.java:20)
at com.shopperstackGenericUtility.JavaUtility.localdateTime(JavaUtility.java:20)
at com.shopperstackGenericUtility.JavaUtility.localdateTime(JavaUtility.java:20)
at com.shopperstackGenericUtility.JavaUtility.localdateTime(JavaUtility.java:20)
at com.shopperstackGenericUtility.JavaUtility.localdateTime(JavaUtility.java:20)
at com.shopperstackGenericUtility.JavaUtility.localdateTime(JavaUtility.java:20)
at com.shopperstackGenericUtility.JavaUtility.localdateTime(JavaUtility.java:20)
at com.shopperstackGenericUtility.JavaUtility.localdateTime(JavaUtility.java:20)
at com.shopperstackGenericUtility.JavaUtility.localdateTime(JavaUtility.java:20)
at com.shopperstackGenericUtility.JavaUtility.localdateTime(JavaUtility.java:20)
at com.shopperstackGenericUtility.JavaUtility.localdateTime(JavaUtility.java:20)
at com.shopperstackGenericUtility.JavaUtility.localdateTime(JavaUtility.java:20)
at com.shopperstackGenericUtility.JavaUtility.localdateTime(JavaUtility.java:20)
at com.shopperstackGenericUtility.JavaUtility.localdateTime(JavaUtility.java:20)
at com.shopperstackGenericUtility.JavaUtility.localdateTime(JavaUtility.java:20)
at com.shopperstackGenericUtility.JavaUtility.localdateTime(JavaUtility.java:20)
at com.shopperstackGenericUtility.JavaUtility.localdateTime(JavaUtility.java:20)
at com.shopperstackGenericUtility.JavaUtility.localdateTime(JavaUtility.java:20)
at com.shopperstackGenericUtility.JavaUtility.localdateTime(JavaUtility.java:20)
at com.shopperstackGenericUtility.JavaUtility.localdateTime(JavaUtility.java:20)
at com.shopperstackGenericUtility.JavaUtility.localdateTime(JavaUtility.java:20)
at com.shopperstackGenericUtility.JavaUtility.localdateTime(JavaUtility.java:20)
at com.shopperstackGenericUtility.JavaUtility.localdateTime(JavaUtility.java:20)
at com.shopperstackGenericUtility.JavaUtility.localdateTime(JavaUtility.java:20)
at com.shopperstackGenericUtility.JavaUtility.localdateTime(JavaUtility.java:20)
at com.shopperstackGenericUtility.JavaUtility.localdateTime(JavaUtility.java:20)
at com.shopperstackGenericUtility.JavaUtility.localdateTime(JavaUtility.java:20)
at com.shopperstackGenericUtility.JavaUtility.localdateTime(JavaUtility.java:20)
at com.shopperstackGenericUtility.JavaUtility.localdateTime(JavaUtility.java:20)
at com.shopperstackGenericUtility.JavaUtility.localdateTime(JavaUtility.java:20)
at com.shopperstackGenericUtility.JavaUtility.localdateTime(JavaUtility.java:20)
at com.shopperstackGenericUtility.JavaUtility.localdateTime(JavaUtility.java:20)
at com.shopperstackGenericUtility.JavaUtility.localdateTime(JavaUtility.java:20)
at com.shopperstackGenericUtility.JavaUtility.localdateTime(JavaUtility.java:20)
at com.shopperstackGenericUtility.JavaUtility.localdateTime(JavaUtility.java:20)
at com.shopperstackGenericUtility.JavaUtility.localdateTime(JavaUtility.java:20)
at com.shopperstackGenericUtility.JavaUtility.localdateTime(JavaUtility.java:20)
at com.shopperstackGenericUtility.JavaUtility.localdateTime(JavaUtility.java:20)
at com.shopperstackGenericUtility.JavaUtility.localdateTime(JavaUtility.java:20)
at com.shopperstackGenericUtility.JavaUtility.localdateTime(JavaUtility.java:20)
at com.shopperstackGenericUtility.JavaUtility.localdateTime(JavaUtility.java:20)
at com.shopperstackGenericUtility.JavaUtility.localdateTime(JavaUtility.java:20)
at com.shopperstackGenericUtility.JavaUtility.localdateTime(JavaUtility.java:20)
at com.shopperstackGenericUtility.JavaUtility.localdateTime(JavaUtility.java:20)
at com.shopperstackGenericUtility.JavaUtility.localdateTime(JavaUtility.java:20)
at com.shopperstackGenericUtility.JavaUtility.localdateTime(JavaUtility.java:20)
at com.shopperstackGenericUtility.JavaUtility.localdateTime(JavaUtility.java:20)
at com.shopperstackGenericUtility.JavaUtility.localdateTime(JavaUtility.java:20)
at com.shopperstackGenericUtility.JavaUtility.localdateTime(JavaUtility.java:20)
at com.shopperstackGenericUtility.JavaUtility.localdateTime(JavaUtility.java:20)
at com.shopperstackGenericUtility.JavaUtility.localdateTime(JavaUtility.java:20)
at com.shopperstackGenericUtility.JavaUtility.localdateTime(JavaUtility.java:20)
at com.shopperstackGenericUtility.JavaUtility.localdateTime(JavaUtility.java:20)
at com.shopperstackGenericUtility.JavaUtility.localdateTime(JavaUtility.java:20)
at com.shopperstackGenericUtility.JavaUtility.localdateTime(JavaUtility.java:20)
at com.shopperstackGenericUtility.JavaUtility.localdateTime(JavaUtility.java:20)
at com.shopperstackGenericUtility.JavaUtility.localdateTime(JavaUtility.java:20)
at com.shopperstackGenericUtility.JavaUtility.localdateTime(JavaUtility.java:20)
at com.shopperstackGenericUtility.JavaUtility.localdateTime(JavaUtility.java:20)
at com.shopperstackGenericUtility.JavaUtility.localdateTime(JavaUtility.java:20)
at com.shopperstackGenericUtility.JavaUtility.localdateTime(JavaUtility.java:20)
at com.shopperstackGenericUtility.JavaUtility.localdateTime(JavaUtility.java:20)
at com.shopperstackGenericUtility.JavaUtility.localdateTime(JavaUtility.java:20)
at com.shopperstackGenericUtility.JavaUtility.localdateTime(JavaUtility.java:20)
at com.shopperstackGenericUtility.JavaUtility.localdateTime(JavaUtility.java:20)
at com.shopperstackGenericUtility.JavaUtility.localdateTime(JavaUtility.java:20)
at com.shopperstackGenericUtility.JavaUtility.localdateTime(JavaUtility.java:20)
at com.shopperstackGenericUtility.JavaUtility.localdateTime(JavaUtility.java:20)
at com.shopperstackGenericUtility.JavaUtility.localdateTime(JavaUtility.java:20)
at com.shopperstackGenericUtility.JavaUtility.localdateTime(JavaUtility.java:20)
at com.shopperstackGenericUtility.JavaUtility.localdateTime(JavaUtility.java:20)
at com.shopperstackGenericUtility.JavaUtility.localdateTime(JavaUtility.java:20)
at com.shopperstackGenericUtility.JavaUtility.localdateTime(JavaUtility.java:20)
at com.shopperstackGenericUtility.JavaUtility.localdateTime(JavaUtility.java:20)
at com.shopperstackGenericUtility.JavaUtility.localdateTime(JavaUtility.java:20)
at com.shopperstackGenericUtility.JavaUtility.localdateTime(JavaUtility.java:20)
at com.shopperstackGenericUtility.JavaUtility.localdateTime(JavaUtility.java:20)
at com.shopperstackGenericUtility.JavaUtility.localdateTime(JavaUtility.java:20)
at com.shopperstackGenericUtility.JavaUtility.localdateTime(JavaUtility.java:20)
at com.shopperstackGenericUtility.JavaUtility.localdateTime(JavaUtility.java:20)
at com.shopperstackGenericUtility.JavaUtility.localdateTime(JavaUtility.java:20)
at com.shopperstackGenericUtility.JavaUtility.localdateTime(JavaUtility.java:20)
at com.shopperstackGenericUtility.JavaUtility.localdateTime(JavaUtility.java:20)
at com.shopperstackGenericUtility.JavaUtility.localdateTime(JavaUtility.java:20)
at com.shopperstackGenericUtility.JavaUtility.localdateTime(JavaUtility.java:20)
at com.shopperstackGenericUtility.JavaUtility.localdateTime(JavaUtility.java:20)
at com.shopperstackGenericUtility.JavaUtility.localdateTime(JavaUtility.java:20)
at com.shopperstackGenericUtility.JavaUtility.localdateTime(JavaUtility.java:20)
at com.shopperstackGenericUtility.JavaUtility.localdateTime(JavaUtility.java:20)
at com.shopperstackGenericUtility.JavaUtility.localdateTime(JavaUtility.java:20)
at com.shopperstackGenericUtility.JavaUtility.localdateTime(JavaUtility.java:20)
at com.shopperstackGenericUtility.JavaUtility.localdateTime(JavaUtility.java:20)
at com.shopperstackGenericUtility.JavaUtility.localdateTime(JavaUtility.java:20)
at com.shopperstackGenericUtility.JavaUtility.localdateTime(JavaUtility.java:20)
at com.shopperstackGenericUtility.JavaUtility.localdateTime(JavaUtility.java:20)
at com.shopperstackGenericUtility.JavaUtility.localdateTime(JavaUtility.java:20)
at com.shopperstackGenericUtility.JavaUtility.localdateTime(JavaUtility.java:20)
at com.shopperstackGenericUtility.JavaUtility.localdateTime(JavaUtility.java:20)
at com.shopperstackGenericUtility.JavaUtility.localdateTime(JavaUtility.java:20)
at com.shopperstackGenericUtility.JavaUtility.localdateTime(JavaUtility.java:20)
at com.shopperstackGenericUtility.JavaUtility.localdateTime(JavaUtility.java:20)
at com.shopperstackGenericUtility.JavaUtility.localdateTime(JavaUtility.java:20)
at com.shopperstackGenericUtility.JavaUtility.localdateTime(JavaUtility.java:20)
at com.shopperstackGenericUtility.JavaUtility.localdateTime(JavaUtility.java:20)
at com.shopperstackGenericUtility.JavaUtility.localdateTime(JavaUtility.java:20)
at com.shopperstackGenericUtility.JavaUtility.localdateTime(JavaUtility.java:20)
at com.shopperstackGenericUtility.JavaUtility.localdateTime(JavaUtility.java:20)
at com.shopperstackGenericUtility.JavaUtility.localdateTime(JavaUtility.java:20)
at com.shopperstackGenericUtility.JavaUtility.localdateTime(JavaUtility.java:20)
at com.shopperstackGenericUtility.JavaUtility.localdateTime(JavaUtility.java:20)
at com.shopperstackGenericUtility.JavaUtility.localdateTime(JavaUtility.java:20)
at com.shopperstackGenericUtility.JavaUtility.localdateTime(JavaUtility.java:20)
at com.shopperstackGenericUtility.JavaUtility.localdateTime(JavaUtility.java:20)
at com.shopperstackGenericUtility.JavaUtility.localdateTime(JavaUtility.java:20)
at com.shopperstackGenericUtility.JavaUtility.localdateTime(JavaUtility.java:20)
at com.shopperstackGenericUtility.JavaUtility.localdateTime(JavaUtility.java:20)
at com.shopperstackGenericUtility.JavaUtility.localdateTime(JavaUtility.java:20)
at com.shopperstackGenericUtility.JavaUtility.localdateTime(JavaUtility.java:20)
at com.shopperstackGenericUtility.JavaUtility.localdateTime(JavaUtility.java:20)
at com.shopperstackGenericUtility.JavaUtility.localdateTime(JavaUtility.java:20)
at com.shopperstackGenericUtility.JavaUtility.localdateTime(JavaUtility.java:20)
at com.shopperstackGenericUtility.JavaUtility.localdateTime(JavaUtility.java:20)
at com.shopperstackGenericUtility.JavaUtility.localdateTime(JavaUtility.java:20)
at com.shopperstackGenericUtility.JavaUtility.localdateTime(JavaUtility.java:20)
at com.shopperstackGenericUtility.JavaUtility.localdateTime(JavaUtility.java:20)
at com.shopperstackGenericUtility.JavaUtility.localdateTime(JavaUtility.java:20)
at com.shopperstackGenericUtility.JavaUtility.localdateTime(JavaUtility.java:20)
at com.shopperstackGenericUtility.JavaUtility.localdateTime(JavaUtility.java:20)
at com.shopperstackGenericUtility.JavaUtility.localdateTime(JavaUtility.java:20)
at com.shopperstackGenericUtility.JavaUtility.localdateTime(JavaUtility.java:20)
at com.shopperstackGenericUtility.JavaUtility.localdateTime(JavaUtility.java:20)
at com.shopperstackGenericUtility.JavaUtility.localdateTime(JavaUtility.java:20)
at com.shopperstackGenericUtility.JavaUtility.localdateTime(JavaUtility.java:20)
at com.shopperstackGenericUtility.JavaUtility.localdateTime(JavaUtility.java:20)
at com.shopperstackGenericUtility.JavaUtility.localdateTime(JavaUtility.java:20)
at com.shopperstackGenericUtility.JavaUtility.localdateTime(JavaUtility.java:20)
at com.shopperstackGenericUtility.JavaUtility.localdateTime(JavaUtility.java:20)
at com.shopperstackGenericUtility.JavaUtility.localdateTime(JavaUtility.java:20)
at com.shopperstackGenericUtility.JavaUtility.localdateTime(JavaUtility.java:20)
at com.shopperstackGenericUtility.JavaUtility.localdateTime(JavaUtility.java:20)
at com.shopperstackGenericUtility.JavaUtility.localdateTime(JavaUtility.java:20)
at com.shopperstackGenericUtility.JavaUtility.localdateTime(JavaUtility.java:20)
at com.shopperstackGenericUtility.JavaUtility.localdateTime(JavaUtility.java:20)
at com.shopperstackGenericUtility.JavaUtility.localdateTime(JavaUtility.java:20)
at com.shopperstackGenericUtility.JavaUtility.localdateTime(JavaUtility.java:20)
at com.shopperstackGenericUtility.JavaUtility.localdateTime(JavaUtility.java:20)
at com.shopperstackGenericUtility.JavaUtility.localdateTime(JavaUtility.java:20)
at com.shopperstackGenericUtility.JavaUtility.localdateTime(JavaUtility.java:20)
at com.shopperstackGenericUtility.JavaUtility.localdateTime(JavaUtility.java:20)
at com.shopperstackGenericUtility.JavaUtility.localdateTime(JavaUtility.java:20)
at com.shopperstackGenericUtility.JavaUtility.localdateTime(JavaUtility.java:20)
at com.shopperstackGenericUtility.JavaUtility.localdateTime(JavaUtility.java:20)
at com.shopperstackGenericUtility.JavaUtility.localdateTime(JavaUtility.java:20)
at com.shopperstackGenericUtility.JavaUtility.localdateTime(JavaUtility.java:20)
at com.shopperstackGenericUtility.JavaUtility.localdateTime(JavaUtility.java:20)
at com.shopperstackGenericUtility.JavaUtility.localdateTime(JavaUtility.java:20)
at com.shopperstackGenericUtility.JavaUtility.localdateTime(JavaUtility.java:20)
at com.shopperstackGenericUtility.JavaUtility.localdateTime(JavaUtility.java:20)
at com.shopperstackGenericUtility.JavaUtility.localdateTime(JavaUtility.java:20)
at com.shopperstackGenericUtility.JavaUtility.localdateTime(JavaUtility.java:20)
at com.shopperstackGenericUtility.JavaUtility.localdateTime(JavaUtility.java:20)
at com.shopperstackGenericUtility.JavaUtility.localdateTime(JavaUtility.java:20)
at com.shopperstackGenericUtility.JavaUtility.localdateTime(JavaUtility.java:20)
at com.shopperstackGenericUtility.JavaUtility.localdateTime(JavaUtility.java:20)
at com.shopperstackGenericUtility.JavaUtility.localdateTime(JavaUtility.java:20)
at com.shopperstackGenericUtility.JavaUtility.localdateTime(JavaUtility.java:20)
at com.shopperstackGenericUtility.JavaUtility.localdateTime(JavaUtility.java:20)
at com.shopperstackGenericUtility.JavaUtility.localdateTime(JavaUtility.java:20)
at com.shopperstackGenericUtility.JavaUtility.localdateTime(JavaUtility.java:20)
at com.shopperstackGenericUtility.JavaUtility.localdateTime(JavaUtility.java:20)
at com.shopperstackGenericUtility.JavaUtility.localdateTime(JavaUtility.java:20)
at com.shopperstackGenericUtility.JavaUtility.localdateTime(JavaUtility.java:20)
at com.shopperstackGenericUtility.JavaUtility.localdateTime(JavaUtility.java:20)
at com.shopperstackGenericUtility.JavaUtility.localdateTime(JavaUtility.java:20)
at com.shopperstackGenericUtility.JavaUtility.localdateTime(JavaUtility.java:20)
at com.shopperstackGenericUtility.JavaUtility.localdateTime(JavaUtility.java:20)
at com.shopperstackGenericUtility.JavaUtility.localdateTime(JavaUtility.java:20)
at com.shopperstackGenericUtility.JavaUtility.localdateTime(JavaUtility.java:20)
at com.shopperstackGenericUtility.JavaUtility.localdateTime(JavaUtility.java:20)
at com.shopperstackGenericUtility.JavaUtility.localdateTime(JavaUtility.java:20)
at com.shopperstackGenericUtility.JavaUtility.localdateTime(JavaUtility.java:20)
at com.shopperstackGenericUtility.JavaUtility.localdateTime(JavaUtility.java:20)
at com.shopperstackGenericUtility.JavaUtility.localdateTime(JavaUtility.java:20)
at com.shopperstackGenericUtility.JavaUtility.localdateTime(JavaUtility.java:20)
at com.shopperstackGenericUtility.JavaUtility.localdateTime(JavaUtility.java:20)
at com.shopperstackGenericUtility.JavaUtility.localdateTime(JavaUtility.java:20)
at com.shopperstackGenericUtility.JavaUtility.localdateTime(JavaUtility.java:20)
at com.shopperstackGenericUtility.JavaUtility.localdateTime(JavaUtility.java:20)
at com.shopperstackGenericUtility.JavaUtility.localdateTime(JavaUtility.java:20)
at com.shopperstackGenericUtility.JavaUtility.localdateTime(JavaUtility.java:20)
at com.shopperstackGenericUtility.JavaUtility.localdateTime(JavaUtility.java:20)
at com.shopperstackGenericUtility.JavaUtility.localdateTime(JavaUtility.java:20)
at com.shopperstackGenericUtility.JavaUtility.localdateTime(JavaUtility.java:20)
at com.shopperstackGenericUtility.JavaUtility.localdateTime(JavaUtility.java:20)
at com.shopperstackGenericUtility.JavaUtility.localdateTime(JavaUtility.java:20)
at com.shopperstackGenericUtility.JavaUtility.localdateTime(JavaUtility.java:20)
at com.shopperstackGenericUtility.JavaUtility.localdateTime(JavaUtility.java:20)
at com.shopperstackGenericUtility.JavaUtility.localdateTime(JavaUtility.java:20)
at com.shopperstackGenericUtility.JavaUtility.localdateTime(JavaUtility.java:20)
at com.shopperstackGenericUtility.JavaUtility.localdateTime(JavaUtility.java:20)
at com.shopperstackGenericUtility.JavaUtility.localdateTime(JavaUtility.java:20)
at com.shopperstackGenericUtility.JavaUtility.localdateTime(JavaUtility.java:20)
at com.shopperstackGenericUtility.JavaUtility.localdateTime(JavaUtility.java:20)
at com.shopperstackGenericUtility.JavaUtility.localdateTime(JavaUtility.java:20)
at com.shopperstackGenericUtility.JavaUtility.localdateTime(JavaUtility.java:20)
at com.shopperstackGenericUtility.JavaUtility.localdateTime(JavaUtility.java:20)
at com.shopperstackGenericUtility.JavaUtility.localdateTime(JavaUtility.java:20)
at com.shopperstackGenericUtility.JavaUtility.localdateTime(JavaUtility.java:20)
at com.shopperstackGenericUtility.JavaUtility.localdateTime(JavaUtility.java:20)
at com.shopperstackGenericUtility.JavaUtility.localdateTime(JavaUtility.java:20)
at com.shopperstackGenericUtility.JavaUtility.localdateTime(JavaUtility.java:20)
at com.shopperstackGenericUtility.JavaUtility.localdateTime(JavaUtility.java:20)
at com.shopperstackGenericUtility.JavaUtility.localdateTime(JavaUtility.java:20)
at com.shopperstackGenericUtility.JavaUtility.localdateTime(JavaUtility.java:20)
at com.shopperstackGenericUtility.JavaUtility.localdateTime(JavaUtility.java:20)
at com.shopperstackGenericUtility.JavaUtility.localdateTime(JavaUtility.java:20)
at com.shopperstackGenericUtility.JavaUtility.localdateTime(JavaUtility.java:20)
at com.shopperstackGenericUtility.JavaUtility.localdateTime(JavaUtility.java:20)
at com.shopperstackGenericUtility.JavaUtility.localdateTime(JavaUtility.java:20)
at com.shopperstackGenericUtility.JavaUtility.localdateTime(JavaUtility.java:20)
at com.shopperstackGenericUtility.JavaUtility.localdateTime(JavaUtility.java:20)
at com.shopperstackGenericUtility.JavaUtility.localdateTime(JavaUtility.java:20)
at com.shopperstackGenericUtility.JavaUtility.localdateTime(JavaUtility.java:20)
at com.shopperstackGenericUtility.JavaUtility.localdateTime(JavaUtility.java:20)
at com.shopperstackGenericUtility.JavaUtility.localdateTime(JavaUtility.java:20)
at com.shopperstackGenericUtility.JavaUtility.localdateTime(JavaUtility.java:20)
at com.shopperstackGenericUtility.JavaUtility.localdateTime(JavaUtility.java:20)
at com.shopperstackGenericUtility.JavaUtility.localdateTime(JavaUtility.java:20)
at com.shopperstackGenericUtility.JavaUtility.localdateTime(JavaUtility.java:20)
at com.shopperstackGenericUtility.JavaUtility.localdateTime(JavaUtility.java:20)
at com.shopperstackGenericUtility.JavaUtility.localdateTime(JavaUtility.java:20)
at com.shopperstackGenericUtility.JavaUtility.localdateTime(JavaUtility.java:20)
at com.shopperstackGenericUtility.JavaUtility.localdateTime(JavaUtility.java:20)
at com.shopperstackGenericUtility.JavaUtility.localdateTime(JavaUtility.java:20)
at com.shopperstackGenericUtility.JavaUtility.localdateTime(JavaUtility.java:20)
at com.shopperstackGenericUtility.JavaUtility.localdateTime(JavaUtility.java:20)
at com.shopperstackGenericUtility.JavaUtility.localdateTime(JavaUtility.java:20)
at com.shopperstackGenericUtility.JavaUtility.localdateTime(JavaUtility.java:20)
]]>
    </error>
  </testcase> <!-- beforeSuite -->
</testsuite> <!-- com.shopperstack_TestScripts.Verify_user_is_able_to_add_Address -->
